<?xml version="1.0" encoding="UTF-8"?>
<!-- Generated by org.testng.reporters.JUnitReportReporter -->
<testsuite hostname="LAPTOP-2363VGBI" failures="0" tests="1" name="com.demoqa.TestCases.TC_TextBox_002" time="4.094" errors="0" timestamp="2022-05-02T17:17:51 IST" skipped="0">
  <testcase classname="com.demoqa.TestCases.TC_TextBox_002" name="main" time="4.094"/>
  <system-out/>
</testsuite> <!-- com.demoqa.TestCases.TC_TextBox_002 -->
