<?xml version="1.0" encoding="UTF-8"?>
<!-- Generated by org.testng.reporters.JUnitReportReporter -->
<testsuite hostname="LAPTOP-2363VGBI" failures="0" tests="1" name="com.demoqa.TestCases.TC_RadioButton_004" time="3.959" errors="0" timestamp="2022-05-02T17:17:51 IST" skipped="0">
  <testcase classname="com.demoqa.TestCases.TC_RadioButton_004" name="RadioButtonTest" time="3.959"/>
  <system-out/>
</testsuite> <!-- com.demoqa.TestCases.TC_RadioButton_004 -->
